2024-05-03 20:08:18,268 [Worker-5: Loading available Gradle versions] INFO  o.e.b.c.i.u.g.PublishedGradleVersions - Gradle version information cache is up-to-date. Trying to read.
2024-05-03 20:08:38,530 [Worker-11: Update Maven projects configuration] INFO  o.e.m.c.i.p.ProjectConfigurationManager - Update started
2024-05-03 20:08:39,722 [Worker-11: Update Maven projects configuration] INFO  o.e.m.c.i.l.LifecycleMappingFactory - Using org.eclipse.m2e.jdt.JarLifecycleMapping lifecycle mapping for MavenProject: br.com.pplip1:novocrudrest:0.0.1-SNAPSHOT @ Z:\LIP1\pplip1-10-joao-20240503\workspace\novocrudrest\pom.xml.
2024-05-03 20:08:40,987 [Worker-11: Update Maven projects configuration] INFO  o.e.m.j.i.AbstractJavaProjectConfigurator - Adding source folder /novocrudrest/src/main/java
2024-05-03 20:08:40,994 [Worker-11: Update Maven projects configuration] INFO  o.e.m.j.i.AbstractJavaProjectConfigurator - Adding resource folder /novocrudrest/src/main/resources
2024-05-03 20:08:43,106 [Worker-11: Update Maven projects configuration] INFO  o.e.m.j.i.AbstractJavaProjectConfigurator - Adding resource folder /novocrudrest/src/main/resources
2024-05-03 20:08:43,161 [Worker-11: Update Maven projects configuration] INFO  o.e.m.j.i.AbstractJavaProjectConfigurator - Adding source folder /novocrudrest/src/test/java
2024-05-03 20:08:43,348 [Worker-4: Building] INFO  o.a.m.s.f.DefaultMavenResourcesFiltering - Copying 1 resource from src\main\resources to target\classes
2024-05-03 20:08:43,434 [Worker-4: Building] INFO  o.a.m.s.f.DefaultMavenResourcesFiltering - Copying 0 resource from src\main\resources to target\classes
2024-05-03 20:08:43,443 [Worker-4: Building] INFO  o.a.m.s.f.DefaultMavenResourcesFiltering - skip non existing resourceDirectory Z:\LIP1\pplip1-10-joao-20240503\workspace\novocrudrest\src\test\resources
2024-05-03 20:08:52,044 [Worker-6: Building] INFO  o.a.m.s.f.DefaultMavenResourcesFiltering - Copying 1 resource from src\main\resources to target\classes
2024-05-03 20:08:52,101 [Worker-6: Building] INFO  o.a.m.s.f.DefaultMavenResourcesFiltering - Copying 0 resource from src\main\resources to target\classes
2024-05-03 20:08:52,106 [Worker-6: Building] INFO  o.a.m.s.f.DefaultMavenResourcesFiltering - skip non existing resourceDirectory Z:\LIP1\pplip1-10-joao-20240503\workspace\novocrudrest\src\test\resources
2024-05-03 20:08:52,944 [Worker-11: Update Maven projects configuration] INFO  o.e.m.c.i.p.ProjectConfigurationManager - Update completed: 14 sec
2024-05-03 20:16:06,004 [Worker-3: Building] INFO  o.a.m.s.f.DefaultMavenResourcesFiltering - Copying 1 resource from src\main\resources to target\classes
2024-05-03 20:16:06,066 [Worker-3: Building] INFO  o.a.m.s.f.DefaultMavenResourcesFiltering - Copying 0 resource from src\main\resources to target\classes
2024-05-03 20:16:06,075 [Worker-3: Building] INFO  o.a.m.s.f.DefaultMavenResourcesFiltering - skip non existing resourceDirectory Z:\LIP1\pplip1-10-joao-20240503\workspace\novocrudrest\src\test\resources
2024-05-03 20:16:21,232 [Worker-3: Building] INFO  o.a.m.s.f.DefaultMavenResourcesFiltering - Copying 1 resource from src\main\resources to target\classes
2024-05-03 20:16:21,286 [Worker-3: Building] INFO  o.a.m.s.f.DefaultMavenResourcesFiltering - Copying 0 resource from src\main\resources to target\classes
2024-05-03 20:16:21,291 [Worker-3: Building] INFO  o.a.m.s.f.DefaultMavenResourcesFiltering - skip non existing resourceDirectory Z:\LIP1\pplip1-10-joao-20240503\workspace\novocrudrest\src\test\resources
2024-05-03 20:18:49,310 [Worker-14: Building] INFO  o.a.m.s.f.DefaultMavenResourcesFiltering - Copying 1 resource from src\main\resources to target\classes
2024-05-03 20:18:49,324 [Worker-14: Building] INFO  o.a.m.s.f.DefaultMavenResourcesFiltering - Copying 0 resource from src\main\resources to target\classes
2024-05-03 20:18:49,330 [Worker-14: Building] INFO  o.a.m.s.f.DefaultMavenResourcesFiltering - skip non existing resourceDirectory Z:\LIP1\pplip1-10-joao-20240503\workspace\novocrudrest\src\test\resources
2024-05-03 20:19:03,111 [Worker-7: Building] INFO  o.a.m.s.f.DefaultMavenResourcesFiltering - Copying 1 resource from src\main\resources to target\classes
2024-05-03 20:19:03,663 [Worker-7: Building] INFO  o.a.m.s.f.DefaultMavenResourcesFiltering - Copying 0 resource from src\main\resources to target\classes
2024-05-03 20:19:03,668 [Worker-7: Building] INFO  o.a.m.s.f.DefaultMavenResourcesFiltering - skip non existing resourceDirectory Z:\LIP1\pplip1-10-joao-20240503\workspace\novocrudrest\src\test\resources
